RED
test_BUG_M18_red_phase_log_cross_validation — FAIL (red phase)
Date: 2026-04-16
Shell: bash quality/test_regression.sh test_BUG_M18_red_phase_log_cross_validation

BUG CONFIRMED: no cross-validation between tdd-results.json phase values and log tags

SKILL.md:1589 mandates (mandatory):
  If tdd-results.json contains a bug with "verdict": "TDD verified", then:
  - BUG-NNN.red.log must exist with first line RED
  - BUG-NNN.green.log must exist with first line GREEN
  If sidecar claims "TDD verified" but logs contradict it, gate must fail.

What the gate actually does:
  Lines 239-248: check that red_phase, green_phase KEYS EXIST in JSON (presence only)
  Lines 322-325: check that log file first-line tag is one of RED|GREEN|NOT_RUN|ERROR (format only)
  NO code path compares the JSON phase value against the log file tag

Probe results:
  grep -A5 'red_phase|green_phase' quality_gate.sh | grep 'json_str_val' → NO MATCH
  grep 'red_phase.*red_tag|red_tag.*red_phase' quality_gate.sh → NO MATCH
  grep 'green_phase.*green_tag|green_tag.*green_phase' quality_gate.sh → NO MATCH

Fabrication scenario that passes unpatched gate:
  tdd-results.json: "red_phase": "pass", "verdict": "TDD verified"
  BUG-NNN.red.log first line: GREEN (test passed on unpatched code — bug NOT reproduced)
  Gate verdict: PASS (no contradiction detected)

Test result: FAIL (exit 1) — confirms bug on unpatched code
