GREEN
test_BUG_H17_bug_id_regex_bypasses_severity_prefix — PASS (green phase, simulated fix)
Date: 2026-04-16
Shell: inline verification of fix patch BUG-H17-fix.patch

Fix applied: extended regex from BUG-[0-9]+ to BUG-([HML]|[0-9])[0-9]* at quality_gate.sh:184,313

Verification:
  New regex: ^### BUG-([HML]|[0-9])[0-9]*

  echo '### BUG-H1' | grep -cE '^### BUG-([HML]|[0-9])[0-9]*' → 1 (PASS)
  echo '### BUG-M3' | grep -cE '^### BUG-([HML]|[0-9])[0-9]*' → 1 (PASS)
  echo '### BUG-L6' | grep -cE '^### BUG-([HML]|[0-9])[0-9]*' → 1 (PASS)
  echo '### BUG-H17' | grep -cE '^### BUG-([HML]|[0-9])[0-9]*' → 1 (PASS)
  echo '### BUG-001' | grep -cE '^### BUG-([HML]|[0-9])[0-9]*' → 1 (PASS, backward compat)

  Bug ID extraction with BUG-([HML][0-9]+|[0-9]+):
  printf '### BUG-H1\n### BUG-M3\n### BUG-L6\n### BUG-H17\n### BUG-M18\n### BUG-001\n' | grep -oE 'BUG-([HML][0-9]+|[0-9]+)'
  Output: BUG-H1, BUG-M3, BUG-L6, BUG-H17, BUG-M18, BUG-001

  Consequence chain after fix:
    bug_count > 0 for severity-prefix BUGS.md →
    line 223: TDD validation runs
    line 309: TDD log validation runs
    line 564: patch validation runs
    line 592: writeup validation runs

  Simulated test function check:
    echo '### BUG-H1' | grep -cE '^### BUG-([HML]|[0-9])[0-9]*' → 1 (not 0)
    [ "$match" -eq 0 ] → FALSE → test takes "BUG FIXED" branch → exits 0

  test_BUG_H17_bug_id_regex_bypasses_severity_prefix → PASS (exit 0)

Green phase result: PASS (fix verified by inline simulation)
