[Step 6.1] Mechanical verification: NOT APPLICABLE — no quality/mechanical/ directory (no dispatch contracts in scope)
[Step 6.2] quality_gate.sh: PASS (exit 0) — 49 checks passed, 0 FAIL, 1 WARN (integration-results.json not present — expected, integration tests not run)
[Step 6.3] Functional tests: PASS — 30 tests, 0 failures, 0 errors
[Step 6.4A] QUALITY.md scenarios: PASS — 7 scenarios, all reference real code (quality_gate.sh, SKILL.md, review_protocols.md, AGENTS.md, tdd-results.json)
[Step 6.4A] Benchmark 1 (test count): PASS — 30 tests near heuristic target of ~30 (14 req + 7 scenario + 9 edge)
[Step 6.4A] Benchmark 2 (scenario coverage): PASS — 7 scenario test functions match 7 QUALITY.md scenarios
[Step 6.4A] Benchmark 10 (QUALITY.md references real code): PASS — all scenarios cite real files and line numbers
[Step 6.4B] Benchmark 3 (cross-variant): PASS — N/A for spec-primary repo; tests parametrize across artifact names
[Step 6.4B] Benchmark 4 (boundary/negative): PASS — 9 boundary/edge tests for defensive patterns
[Step 6.4B] Benchmark 5 (assertion depth): PASS — 49 value/pattern checks vs 13 presence checks (79% value checks)
[Step 6.4B] Benchmark 6 (layer correctness): PASS — tests assert outcomes (gate exit codes, pattern matches), not mechanisms
[Step 6.4B] Benchmark 7 (mutation validity): PASS — mutations use valid bash constructs (mktemp dirs, file creation/deletion)
[Step 6.4C] Benchmark 11 (RUN_CODE_REVIEW.md self-contained): PASS — lists bootstrap files, 5 scrutiny areas, guardrails
[Step 6.4C] Benchmark 12 (RUN_INTEGRATION_TESTS.md executable): PASS — 10 test groups with concrete pass criteria, test matrix present
[Step 6.4C] Benchmark 13 (RUN_SPEC_AUDIT.md copy-pasteable): PASS — definitive audit prompt with file list, rules, classifications, 10 scrutiny areas
[Step 6.4C] Benchmark 14 (structured output schemas): PASS — tdd-results.json schema_version 1.1, all mandatory fields present, valid enum values
[Step 6.4D] Benchmark 15 (patch validation gate): PASS — 14 patches (7 regression + 7 fix) for 7 bugs
[Step 6.4D] Benchmark 16 (regression test skip guards): PASS — all 9 xfail calls reference BUG-NNN IDs
[Step 6.4D] Benchmark 17 (integration group discovery): PASS — bash test commands use standard patterns (mktemp, bash $GATE)
[Step 6.4D] Benchmark 24 (no run=False): PASS — 0 occurrences of run=False in test_regression.sh
[Step 6.4E] Benchmark 19 (enumeration completeness): PASS — code review contains two-list comparisons (12 cross-references)
[Step 6.4E] Benchmark 21 (triage probes executable): PASS — triage_probes.sh exists, triage entries include bash assertion blocks
[Step 6.4E] Benchmark 22 (code-side line numbers): PASS — 14 line-number citations in code review
[Step 6.4E] Benchmark 25 (contradiction gate): PASS — no mechanical artifacts, no contradictions between executed and prose artifacts
[Step 6.4E] Benchmark 36 (no circular mechanical refs): PASS — triage probes reference source files directly, not quality/mechanical/
[Step 6.4F] Benchmarks 32-33 (continuation mode): SKIP — no SEED_CHECKS.md (first run, no prior history)
[Step 6.4] Benchmark 18 (version stamps): PASS — 12 generated markdown files have v1.4.0 attribution stamps
[Step 6.4] Benchmark 20 (bug writeups): PASS — 7 writeups for 7 confirmed bugs, all have non-null writeup_path in tdd-results.json
[Step 6.4] Benchmark 23 (mechanical artifacts): NOT APPLICABLE — no dispatch-function contracts in scope
[Step 6.4] Benchmark 26 (version stamp consistency): PASS — SKILL.md 1.4.0 = PROGRESS.md 1.4.0 = tdd-results.json 1.4.0
[Step 6.4] Benchmark 27 (mechanical directory conformance): PASS — no quality/mechanical/ directory (correct for no dispatch contracts)
[Step 6.4] Benchmark 28 (TDD artifact closure): PASS — BUGS.md, tdd-results.json, TDD_TRACEABILITY.md all exist
[Step 6.4] Benchmark 29 (triage-to-BUGS sync): PASS — 7 confirmed code bugs in triage, 7 entries in BUGS.md
[Step 6.4] Benchmark 30 (writeups for all bugs): PASS — 7 writeups for 7 confirmed bugs
[Step 6.4] Benchmark 31 (triage file exists): PASS — quality/spec_audits/2026-04-15-triage.md exists
[Step 6.4] Benchmark 34 (BUGS.md exists): PASS — quality/BUGS.md exists with 7 confirmed bugs
[Step 6.4] Benchmark 35 (mechanical integrity gate): NOT APPLICABLE — no quality/mechanical/ directory
[Step 6.4] Benchmark 37 (Phase 6 mechanical closure): NOT APPLICABLE — no quality/mechanical/ directory
[Step 6.4] Benchmark 38 (individual auditor reports): PASS — 3 auditor reports exist
[Step 6.4] Benchmark 39 (BUGS.md heading format): PASS — 7 canonical ### BUG-NNN headings, 0 non-canonical
[Step 6.4] Benchmark 40 (artifact file existence): PASS — all 6 required files exist on disk
[Step 6.4] Benchmark 41 (sidecar JSON validation): PASS — all required keys present, schema_version 1.1, all per-bug fields valid
[Step 6.4] Benchmark 42 (script-verified closure): PASS — quality_gate.sh exit 0, log saved to quality/results/quality-gate.log
[Step 6.4] Benchmark 43 (canonical UC identifiers): PASS — 7 UC identifiers (UC-01 through UC-07) in REQUIREMENTS.md
[Step 6.4] Benchmark 44 (regression-test patches): PASS — 7 regression-test patches for 7 bugs
[Step 6.4] Benchmark 45 (writeup inline diffs): PASS — all 7 writeups contain ```diff blocks
[Step 6.5] Metadata consistency: PASS — requirement counts match (14 across REQUIREMENTS.md, PROGRESS.md, COVERAGE_MATRIX.md), version stamps consistent (1.4.0), With docs: no (correct), Terminal Gate section present, COMPLETENESS_REPORT has single verdict section (Post-Review Reconciliation)
