RED
=== Red Phase: BUG-L11 — Two incompatible tdd-results.json templates ===
Date: 2026-04-16
Test: test_BUG_L11_tdd_results_two_incompatible_templates

Command: BUG_SKIP_L11=0 SKILL_MD_PATH=SKILL.md bash quality/test_regression.sh test_BUG_L11_tdd_results_two_incompatible_templates

Output:
=== Regression Tests: quality-playbook ===
Date: 2026-04-16
All tests are skip-guarded. Set BUG_SKIP_NNN=0 to enable individual tests.

  TEST: test_BUG_L11_tdd_results_two_incompatible_templates
  BUG CONFIRMED: Two incompatible 'requirement' field formats in SKILL.md
  Template 1 (artifact contract, UC-format): 135:      "requirement": "UC-03: Description of the requirement violated",
  Template 2 (Phase 5, REQ-format): 1385:         "requirement": "REQ-003",
  RESULT: FAIL

===========================================
Results: 0 PASS, 1 FAIL, 0 SKIP

Exit code: 1

VERDICT: RED — regression test FAILS on unpatched code, confirming BUG-L11 is real.
Two incompatible tdd-results.json templates exist in SKILL.md: Template 1 (artifact
contract, line 135) uses UC-NN format with description; Template 2 (Phase 5, line 1385)
uses REQ-NNN format only. Both red_phase/green_phase fields also differ in format.
