RED
=== Red Phase: BUG-M3 — Phase 2 entry gate enforces only 6 of 12 Phase 1 checks ===
Date: 2026-04-16
Test: test_BUG_M3_phase2_gate_missing_checks

Command: BUG_SKIP_M3=0 SKILL_MD_PATH=SKILL.md bash quality/test_regression.sh test_BUG_M3_phase2_gate_missing_checks

Output:
=== Regression Tests: quality-playbook ===
Date: 2026-04-16
All tests are skip-guarded. Set BUG_SKIP_NNN=0 to enable individual tests.

  TEST: test_BUG_M3_phase2_gate_missing_checks
  Phase 1 completion gate: 12 numbered checks
  Phase 2 entry gate: 6 numbered checks
  BUG CONFIRMED: Phase 2 gate has 6 fewer checks than Phase 1 gate
  Missing: checks 2, 3, 5, 8, 10, 12 (depth, FULL patterns, ensemble balance)
  RESULT: FAIL

===========================================
Results: 0 PASS, 1 FAIL, 0 SKIP

Exit code: 1

VERDICT: RED — regression test FAILS on unpatched code, confirming BUG-M3 is real.
Phase 1 completion gate has 12 numbered checks; Phase 2 entry gate has only 6.
Missing checks allow shallow EXPLORATION.md to pass Phase 2 entry gate.
