RED
=== Red Phase: BUG-M8 — Systemic nullglob vulnerability in ls-glob counting ===
Date: 2026-04-16
Test: test_BUG_M8_nullglob_ls_counting

Command: BUG_SKIP_M8=0 GATE_PATH=quality_gate.sh bash quality/test_regression.sh test_BUG_M8_nullglob_ls_counting

Output:
=== Regression Tests: quality-playbook ===
Date: 2026-04-16
All tests are skip-guarded. Set BUG_SKIP_NNN=0 to enable individual tests.

  TEST: test_BUG_M8_nullglob_ls_counting
  Line 567 (vulnerable):             reg_patch_count=$(ls ${q}/patches/BUG-*-regression*.patch 2>/dev/null | wc -l | tr -d ' ')
  Line 331 (vulnerable):             if ls ${q}/patches/${bid}-fix*.patch &>/dev/null; then
  BUG CONFIRMED: Unquoted ls-glob counting patterns present — vulnerable to nullglob
  Under nullglob, ls with no glob matches lists current dir, wc -l returns wrong count
  RESULT: FAIL

===========================================
Results: 0 PASS, 1 FAIL, 0 SKIP

Exit code: 1

VERDICT: RED — regression test FAILS on unpatched code, confirming BUG-M8 is real.
Unquoted ls-glob patterns exist at lines 152-153, 331, 567-568, 595 of quality_gate.sh.
Under nullglob (common in zsh/macOS), these produce wrong counts when globs don't match,
causing the gate to incorrectly pass artifact checks.
