RED
=== Red Phase: BUG-M5 — Phase 0b skips when previous_runs/ is empty ===
Date: 2026-04-16
Test: test_BUG_M5_phase0b_skips_on_empty_previous_runs

Command: BUG_SKIP_M5=0 SKILL_MD_PATH=SKILL.md bash quality/test_regression.sh test_BUG_M5_phase0b_skips_on_empty_previous_runs

Output:
=== Regression Tests: quality-playbook ===
Date: 2026-04-16
All tests are skip-guarded. Set BUG_SKIP_NNN=0 to enable individual tests.

  TEST: test_BUG_M5_phase0b_skips_on_empty_previous_runs
  Phase 0b activation: **This step runs only if `previous_runs/` does not exist** (i.e., Phase 0a has nothing to work with) **and** the project directory is versioned (e.g., `httpx-1.3.23/` sits alongside `httpx-1.3.21/`). If `previous_runs/` exists, Phase 0a already handles seed injection — skip this step.
  BUG CONFIRMED: Phase 0b says 'does not exist' — empty dir creates gap
  Gap: empty previous_runs/ causes both Phase 0a AND 0b to skip silently
  RESULT: FAIL

===========================================
Results: 0 PASS, 1 FAIL, 0 SKIP

Exit code: 1

VERDICT: RED — regression test FAILS on unpatched code, confirming BUG-M5 is real.
Phase 0b activation condition says "does not exist" only — does not cover the case
where previous_runs/ exists but is empty, creating a silent gap in seed injection.
