=== Quality Gate — Post-Run Validation ===
Version:    1.4.0
Strictness: benchmark
Repos:      1

=== QFB-bootstrap ===
[File Existence]
  PASS: BUGS.md exists
  PASS: REQUIREMENTS.md exists
  PASS: QUALITY.md exists
  PASS: PROGRESS.md exists
  PASS: COVERAGE_MATRIX.md exists
  PASS: COMPLETENESS_REPORT.md exists
  PASS: CONTRACTS.md exists
  PASS: RUN_CODE_REVIEW.md exists
  PASS: RUN_SPEC_AUDIT.md exists
  PASS: RUN_INTEGRATION_TESTS.md exists
  PASS: RUN_TDD_TESTS.md exists
  PASS: test_functional.* exists
  PASS: code_reviews/ has .md files
  PASS: spec_audits/ has triage file
  PASS: spec_audits/ has 3 auditor file(s)
  PASS: triage_probes.sh exists (executable triage evidence)
[BUGS.md Heading Format]
  PASS: All 7 bug headings use ### BUG-NNN format
[TDD Sidecar JSON]
  PASS: tdd-results.json exists (7 bugs)
  PASS: has 'schema_version'
  PASS: has 'skill_version'
  PASS: has 'date'
  PASS: has 'project'
  PASS: has 'bugs'
  PASS: has 'summary'
  PASS: schema_version is '1.1'
  PASS: per-bug field 'id' present (7x)
  PASS: per-bug field 'requirement' present (7x)
  PASS: per-bug field 'red_phase' present (7x)
  PASS: per-bug field 'green_phase' present (7x)
  PASS: per-bug field 'verdict' present (7x)
  PASS: per-bug field 'fix_patch_present' present (7x)
  PASS: per-bug field 'writeup_path' present (7x)
  PASS: summary has 'total'
  PASS: summary has 'verified'
  PASS: summary has 'confirmed_open'
  PASS: summary has 'red_failed'
  PASS: summary has 'green_failed'
  PASS: tdd-results.json date '2026-04-15' is valid
  PASS: all verdict values are canonical
[TDD Log Files]
  PASS: All 7 confirmed bug(s) have red-phase logs
  PASS: All 7 bug(s) with fix patches have green-phase logs
  PASS: All red-phase logs have valid status tags
  PASS: All green-phase logs have valid status tags
[Integration Sidecar JSON]
  WARN: integration-results.json not present
[Use Cases]
  PASS: Found 7 distinct UC identifiers (7 total references, 0 source files)
[Test File Extension]
  INFO: Cannot detect project language — skipping extension check (test_functional.sh)
[Terminal Gate]
  PASS: PROGRESS.md has Terminal Gate section
[Mechanical Verification]
  INFO: No mechanical/ directory
[Patches]
  PASS: 7 regression-test patch(es) for 7 bug(s)
  PASS: 7 fix patch(es)
  INFO: Total: 14 patch file(s) in quality/patches/
[Bug Writeups]
  PASS: 7 writeup(s) for 7 bug(s)
  PASS: All 7 writeup(s) have inline fix diffs
[Version Stamps]
  PASS: PROGRESS.md version matches (1.4.0)
  PASS: tdd-results.json skill_version matches
[Cross-Run Contamination]
  PASS: No version mismatch detected


===========================================
Total: 0 FAIL, 1 WARN
RESULT: GATE PASSED
