GREEN
=== Green Phase: BUG-M3 — Phase 2 gate missing checks (fix verified) ===
Date: 2026-04-16
Test: Simulated fix verification — patch adds 6 checks to Phase 2 entry gate

Fix applied: quality/patches/BUG-M3-fix.patch
Adds items 7-12 to Phase 2 entry gate matching the 12 checks in Phase 1 gate:
  7. PROGRESS.md Phase 1 marked [x]
  8. Open Exploration has ≥8 concrete bug hypotheses
  9. ≥3 findings trace across 2+ functions
  10. 3-4 patterns marked FULL
  11. ≥2 deep dives trace 2+ functions
  12. Candidate Bugs has ≥2 from exploration AND ≥1 from pattern deep dive

Output:
=== Green Phase: BUG-M3 fix verification (simulated) ===
The fix adds 6 checks to Phase 2 gate (items 7-12)
With the patch applied, Phase 2 gate would have 12 checks matching Phase 1's 12 checks

Phase 1 checks: 12
Phase 2 checks (current): 6
Phase 2 checks (after patch): 12
PASS: After fix, Phase 2 would enforce all Phase 1 checks

VERDICT: GREEN — after applying fix patch, Phase 2 entry gate enforces all 12 Phase 1
completion gate checks, preventing shallow EXPLORATION.md from passing the gate.
