RED
Date: 2026-04-18
Bug: BUG-011
Test: quality.test_regression.RegressionTests.test_reg_cb11_exploration_structure_ungated
Runner: python3 -m unittest quality.test_regression.RegressionTests.test_reg_cb11_exploration_structure_ungated -v

[File Existence]
  PASS: BUGS.md exists
  PASS: REQUIREMENTS.md exists
  PASS: QUALITY.md exists
  PASS: PROGRESS.md exists
  PASS: COVERAGE_MATRIX.md exists
  PASS: COMPLETENESS_REPORT.md exists
  PASS: CONTRACTS.md exists
  PASS: RUN_CODE_REVIEW.md exists
  PASS: RUN_SPEC_AUDIT.md exists
  PASS: RUN_INTEGRATION_TESTS.md exists
  PASS: RUN_TDD_TESTS.md exists
  PASS: functional test file exists
  FAIL: AGENTS.md missing (required at project root)
  PASS: EXPLORATION.md exists
  FAIL: code_reviews/ missing or empty
  FAIL: spec_audits/ directory missing
test_reg_cb11_exploration_structure_ungated (quality.test_regression.RegressionTests.test_reg_cb11_exploration_structure_ungated)
BUG-011 / REQ-013: quality_gate must FAIL when EXPLORATION.md lacks ... expected failure

----------------------------------------------------------------------
Ran 1 test in 0.005s

OK (expected failures=1)
