RED PHASE — BUG-L25 — Phase 2 entry gate missing check #1 (120-line minimum)
Date: 2026-04-16
Test: test_BUG_L25_phase2_entry_gate_missing_check1

TEST: test_BUG_L25_phase2_entry_gate_missing_check1
  BUG CONFIRMED: Phase 1 gate has 120-line check, Phase 2 entry gate does NOT
  Phase 1 check #1 at: SKILL.md:850 — "at least 120 lines of substantive content"
    Line 850: "1. The document has at least 120 lines of substantive content"
  Phase 2 entry gate (lines 890-940): no 120-line minimum check found
    Lines 897-904 list 6 checks — none mention 120 lines or line count minimum
  BUG-M3 fix adds checks 2,3,5,8,10,12 to Phase 2 entry gate — check #1 remains absent
  After BUG-M3 fix: EXPLORATION.md with 6 section title stubs (~15 lines) passes Phase 2

Verification method:
  grep -n '120' SKILL.md | grep -i 'line\|substan\|content' | head -5
  Output: Line 850 — Phase 1 completion gate check #1 confirmed

  awk 'NR>=890 && NR<=940' SKILL.md | grep '120'
  Output: (empty — no 120-line check in Phase 2 entry gate)

Concrete failure path:
  1. Agent completes Phase 1 with full EXPLORATION.md (passes Phase 1 gate)
  2. New session: agent reads only section titles from EXPLORATION.md (10 lines)
  3. Phase 2 entry gate runs: checks 6 section headings — all present — PASS
  4. Phase 2 proceeds with 10-line stub EXPLORATION.md
  5. Requirements are shallow, tests miss bugs, bugs escape to production

RESULT: FAIL (red phase — bug exists on unpatched code)
Exit code: 1
