RED
=== Red Phase: BUG-L7 — Version number hardcoded in 8+ SKILL.md locations ===
Date: 2026-04-16
Test: test_BUG_L7_version_string_consistency

Command: BUG_SKIP_L7=0 SKILL_MD_PATH=SKILL.md bash quality/test_regression.sh test_BUG_L7_version_string_consistency

Output:
=== Regression Tests: quality-playbook ===
Date: 2026-04-16
All tests are skip-guarded. Set BUG_SKIP_NNN=0 to enable individual tests.

  TEST: test_BUG_L7_version_string_consistency
  Frontmatter version: 1.4.1
  BUG CONFIRMED: 31 version string(s) differ from frontmatter '1.4.1'
    [multiple lines showing version references from older release examples like v1.3.23,
     v1.3.43, v1.3.5, etc. in historical narrative context]
  RESULT: FAIL

===========================================
Results: 0 PASS, 1 FAIL, 0 SKIP

Exit code: 1

NOTE: The test as written catches ALL version strings that differ from the frontmatter
version (1.4.1), including historical version references in prose (e.g., "In v1.3.23
benchmarking..."). This is a test design issue — the test is overly broad. The actual
bug is specifically that inline occurrences of the CURRENT version (1.4.1) in JSON
examples might become stale after a version bump, while the test catches historical
references that are intentionally different.

VERDICT: RED (partial) — the test confirms version strings other than 1.4.1 exist in
SKILL.md (31 count). However, all 8 occurrences of the current version 1.4.1 are
consistent with the frontmatter. The latent risk (a future version bump missing some
occurrences) is confirmed as a structural gap — no mechanical enforcement exists.
Status: confirmed open (latent risk — test design could be refined to only check
current-version occurrences vs historical narrative references)
