Phase 6 Verification Log
Started: 2026-04-18T22:39:00Z

[Step 6.1] Mechanical verification: PASS (exit 0)
  bash quality/mechanical/verify.sh → ALL PASS — 5 extractor(s) agree with Phase 2 CURRENT claims.
  Exit code: 0

[Step 6.2] quality_gate.py: PASS (exit 0) — 0 FAIL, 0 WARN
  python3 .github/skills/quality_gate/quality_gate.py .
  All checks passed: use cases (7 UC), test file extension (py), terminal gate, mechanical
  verification, patches (32 total: 16 fix + 16 regression-test), bug writeups (16/16 with
  inline diffs), version stamps (PROGRESS.md + tdd-results.json), cross-run contamination.
  RESULT: GATE PASSED

[Step 6.3] Functional tests: PASS — 87 tests, 0 failures, 0 errors
  python3 -m pytest quality/test_functional.py: Ran 87 tests in 0.385s — OK
  Regression tests: python3 -m unittest quality.test_regression: Ran 20 tests — OK (expected failures=19)

[Step 6.4A] QUALITY.md scenarios: PASS — 10 scenarios, all reference real code
  All cited functions verified present across run_playbook.py, benchmark_lib.py, quality_gate.py
  (skill_version, _read_version, find_installed_skill, cleanup_repo, archive_previous_run,
  docs_present, _pkill_fallback, check_phase_gate, print_suggested_next_command,
  detect_skill_version, validate_iso_date, check_bugs_heading, check_version_stamps, check_mechanical)

[Step 6.4B] Functional test quality: PASS — 87 tests across 20 TestCase classes
  110 assertions (assertEqual, assertIn, assertRaises, assertIsNone, etc.)
  0 placeholder tests (assert True / pass / TODO)
  No run=False usage

[Step 6.4C] Protocol files: PASS — all self-contained and executable
  RUN_CODE_REVIEW.md: 3-pass protocol, BUG template, 10-step ordered plan — self-contained
  RUN_INTEGRATION_TESTS.md: fixture design, 4 test groups, schema templates — self-contained
  RUN_SPEC_AUDIT.md: Council-of-Three, verification probes, reconciliation rules — self-contained

[Step 6.4D] Regression tests: PASS — all skip guards present
  20 tests; 19 @unittest.expectedFailure; 1 pass-guard
  0 run=False usage
  All bug IDs referenced in test names (test_reg_cb1_, test_reg_cb2_, etc.)

[Step 6.4E] Enumeration/triage: PASS — two-list checks present, probes have assertions
  code_reviews/2026-04-18-phase3-review.md: 25 observations, 17 REQ verifications, 4 interaction patterns
  spec_audits/2026-04-18-triage.md: verification probe cross-reference table (10 findings × Phase 3 bugs)
  No circular mechanical artifact references detected

[Step 6.4F] Continuation mode: SKIP — no SEED_CHECKS.md

[Step 6.5] Metadata consistency: PASS — requirement counts match (17 across REQUIREMENTS.md/PROGRESS.md/COVERAGE_MATRIX.md)
  With docs: yes — docs_gathered/ exists (56 files confirmed)
  Terminal Gate Verification section: present and filled in
  COMPLETENESS_REPORT.md: duplicate ## Verdict placeholder removed; single verdict heading remains
    (## Updated verdict under ## Post-Review Reconciliation)

Phase 6 complete: 2026-04-18T22:39:00Z
All steps PASS. 0 issues found requiring fixes (1 minor fix: removed stale ## Verdict placeholder).
