RED
Command: python3 -m unittest quality.test_regression.CodeReviewRegressionTests.test_bug_003_live_index_preserves_non_code_project_types

FF
======================================================================
FAIL: test_bug_003_live_index_preserves_non_code_project_types (quality.test_regression.CodeReviewRegressionTests.test_bug_003_live_index_preserves_non_code_project_types) (classification='Skill')
BUG-003: live INDEX writers should preserve Skill and Hybrid classifications.
----------------------------------------------------------------------
Traceback (most recent call last):
  File "/private/var/folders/7x/zj29dyln53q3x1zngmf39q_h0000gn/T/tmpd3ij6kt5/work/quality/test_regression.py", line 64, in test_bug_003_live_index_preserves_non_code_project_types
    self.assertEqual(stub_payload["target_project_type"], classification)
    ~~~~~~~~~~~~~~~~^^^^^^^^^^^^^^^^^^^^^^^^^^^^^^^^^^^^^^^^^^^^^^^^^^^^^
AssertionError: 'Code' != 'Skill'
- Code
+ Skill


======================================================================
FAIL: test_bug_003_live_index_preserves_non_code_project_types (quality.test_regression.CodeReviewRegressionTests.test_bug_003_live_index_preserves_non_code_project_types) (classification='Hybrid')
BUG-003: live INDEX writers should preserve Skill and Hybrid classifications.
----------------------------------------------------------------------
Traceback (most recent call last):
  File "/private/var/folders/7x/zj29dyln53q3x1zngmf39q_h0000gn/T/tmpd3ij6kt5/work/quality/test_regression.py", line 64, in test_bug_003_live_index_preserves_non_code_project_types
    self.assertEqual(stub_payload["target_project_type"], classification)
    ~~~~~~~~~~~~~~~~^^^^^^^^^^^^^^^^^^^^^^^^^^^^^^^^^^^^^^^^^^^^^^^^^^^^^
AssertionError: 'Code' != 'Hybrid'
- Code
+ Hybrid


----------------------------------------------------------------------
Ran 1 test in 0.009s

FAILED (failures=2)
