RED
=== Red Phase: BUG-L10 — recheck-results.json uses schema_version 1.0 vs 1.1 ===
Date: 2026-04-16
Test: test_BUG_L10_recheck_schema_version_inconsistency

Command: BUG_SKIP_L10=0 SKILL_MD_PATH=SKILL.md bash quality/test_regression.sh test_BUG_L10_recheck_schema_version_inconsistency

Output:
=== Regression Tests: quality-playbook ===
Date: 2026-04-16
All tests are skip-guarded. Set BUG_SKIP_NNN=0 to enable individual tests.

  TEST: test_BUG_L10_recheck_schema_version_inconsistency
  BUG CONFIRMED: SKILL.md contains both schema_version '1.0' and '1.1'
  Recheck template (1.0): 1965:  "schema_version": "1.0",
  TDD/integration template (1.1): 128:  "schema_version": "1.1",
  No migration note explains the version discrepancy
  RESULT: FAIL

===========================================
Results: 0 PASS, 1 FAIL, 0 SKIP

Exit code: 1

VERDICT: RED — regression test FAILS on unpatched code, confirming BUG-L10 is real.
The recheck-results.json template at line 1965 uses schema_version "1.0" while all
other sidecar JSON artifacts use "1.1". No migration note explains the discrepancy.
