# QPB v1.5.3 Phase 1 -- Project type classifier verification

Classifier version: 1.0
Schema version:     1.0
Run timestamp:      2026-04-26T19:07:34Z

## Per-target results

### chi-1.5.1

- target: `/Users/andrewstellman/Documents/QPB/repos/chi-1.5.1`
- expected: `Code`
- actual:   `Code`  (high)
- result:   OK
- evidence: {"code_languages": ["Go", "Python", "Shell"], "skill_md_path": null, "skill_md_present": false, "skill_md_word_count": null, "total_code_loc": 12734}
- wrote:    `/Users/andrewstellman/Documents/QPB/repos/chi-1.5.1/quality/project_type.json`

```json
{
  "schema_version": "1.0",
  "classification": "Code",
  "rationale": "No SKILL.md at repo root; 12734 non-blank code lines observed across the repo.",
  "confidence": "high",
  "evidence": {
    "skill_md_present": false,
    "skill_md_path": null,
    "skill_md_word_count": null,
    "total_code_loc": 12734,
    "code_languages": [
      "Go",
      "Python",
      "Shell"
    ]
  },
  "classified_at": "2026-04-26T19:07:34Z",
  "classifier_version": "1.0",
  "override_applied": false,
  "override_rationale": null
}
```

### virtio-1.5.1

- target: `/Users/andrewstellman/Documents/QPB/repos/virtio-1.5.1`
- expected: `Code`
- actual:   `Code`  (high)
- result:   OK
- evidence: {"code_languages": ["C", "Python", "Shell"], "skill_md_path": null, "skill_md_present": false, "skill_md_word_count": null, "total_code_loc": 24478}
- wrote:    `/Users/andrewstellman/Documents/QPB/repos/virtio-1.5.1/quality/project_type.json`

```json
{
  "schema_version": "1.0",
  "classification": "Code",
  "rationale": "No SKILL.md at repo root; 24478 non-blank code lines observed across the repo.",
  "confidence": "high",
  "evidence": {
    "skill_md_present": false,
    "skill_md_path": null,
    "skill_md_word_count": null,
    "total_code_loc": 24478,
    "code_languages": [
      "C",
      "Python",
      "Shell"
    ]
  },
  "classified_at": "2026-04-26T19:07:34Z",
  "classifier_version": "1.0",
  "override_applied": false,
  "override_rationale": null
}
```

### express-1.5.1

- target: `/Users/andrewstellman/Documents/QPB/repos/express-1.5.1`
- expected: `Code`
- actual:   `Code`  (high)
- result:   OK
- evidence: {"code_languages": ["JavaScript", "Python", "Shell"], "skill_md_path": null, "skill_md_present": false, "skill_md_word_count": null, "total_code_loc": 21414}
- wrote:    `/Users/andrewstellman/Documents/QPB/repos/express-1.5.1/quality/project_type.json`

```json
{
  "schema_version": "1.0",
  "classification": "Code",
  "rationale": "No SKILL.md at repo root; 21414 non-blank code lines observed across the repo.",
  "confidence": "high",
  "evidence": {
    "skill_md_present": false,
    "skill_md_path": null,
    "skill_md_word_count": null,
    "total_code_loc": 21414,
    "code_languages": [
      "JavaScript",
      "Python",
      "Shell"
    ]
  },
  "classified_at": "2026-04-26T19:07:34Z",
  "classifier_version": "1.0",
  "override_applied": false,
  "override_rationale": null
}
```

### cobra-latest

- target: `/Users/andrewstellman/Documents/QPB/repos/cobra-1.3.46`
- expected: `Code`
- actual:   `Code`  (high)
- result:   OK
- evidence: {"code_languages": ["Go", "Shell"], "skill_md_path": null, "skill_md_present": false, "skill_md_word_count": null, "total_code_loc": 15342}
- wrote:    `/Users/andrewstellman/Documents/QPB/repos/cobra-1.3.46/quality/project_type.json`

```json
{
  "schema_version": "1.0",
  "classification": "Code",
  "rationale": "No SKILL.md at repo root; 15342 non-blank code lines observed across the repo.",
  "confidence": "high",
  "evidence": {
    "skill_md_present": false,
    "skill_md_path": null,
    "skill_md_word_count": null,
    "total_code_loc": 15342,
    "code_languages": [
      "Go",
      "Shell"
    ]
  },
  "classified_at": "2026-04-26T19:07:34Z",
  "classifier_version": "1.0",
  "override_applied": false,
  "override_rationale": null
}
```

### casbin-latest

- target: `/Users/andrewstellman/Documents/QPB/repos/archive/casbin-1.5.1`
- expected: `Code`
- actual:   `Code`  (high)
- result:   OK
- evidence: {"code_languages": ["Go", "JavaScript", "Python"], "skill_md_path": null, "skill_md_present": false, "skill_md_word_count": null, "total_code_loc": 20634}
- wrote:    `/Users/andrewstellman/Documents/QPB/repos/archive/casbin-1.5.1/quality/project_type.json`

```json
{
  "schema_version": "1.0",
  "classification": "Code",
  "rationale": "No SKILL.md at repo root; 20634 non-blank code lines observed across the repo.",
  "confidence": "high",
  "evidence": {
    "skill_md_present": false,
    "skill_md_path": null,
    "skill_md_word_count": null,
    "total_code_loc": 20634,
    "code_languages": [
      "Go",
      "JavaScript",
      "Python"
    ]
  },
  "classified_at": "2026-04-26T19:07:34Z",
  "classifier_version": "1.0",
  "override_applied": false,
  "override_rationale": null
}
```

### QPB-self

- target: `/Users/andrewstellman/Documents/QPB`
- expected: `Hybrid`
- actual:   `Hybrid`  (medium)
- result:   OK
- evidence: {"code_languages": ["Python", "Shell"], "skill_md_path": "/Users/andrewstellman/Documents/QPB/SKILL.md", "skill_md_present": true, "skill_md_word_count": 37361, "total_code_loc": 22398}
- wrote:    (skipped; capturing JSON in log)

```json
{
  "schema_version": "1.0",
  "classification": "Hybrid",
  "rationale": "SKILL.md exists at repo root (37361 prose words) alongside substantial code (22398 non-blank lines); ratio 1.67 words/LOC sits within the Hybrid band [1/2x, 2x].",
  "confidence": "medium",
  "evidence": {
    "skill_md_present": true,
    "skill_md_path": "/Users/andrewstellman/Documents/QPB/SKILL.md",
    "skill_md_word_count": 37361,
    "total_code_loc": 22398,
    "code_languages": [
      "Python",
      "Shell"
    ]
  },
  "classified_at": "2026-04-26T19:07:34Z",
  "classifier_version": "1.0",
  "override_applied": false,
  "override_rationale": null
}
```

## Overall: PASS
